<?xml version="1.0" encoding="UTF-8"?>
<testng-results ignored="0" total="1" passed="1" failed="0" skipped="0">
  <reporter-output>
  </reporter-output>
  <suite started-at="2021-07-28T17:19:44 IST" name="Default suite" finished-at="2021-07-28T17:20:10 IST" duration-ms="25356">
    <groups>
    </groups>
    <test started-at="2021-07-28T17:19:44 IST" name="Default test" finished-at="2021-07-28T17:20:10 IST" duration-ms="25356">
      <class name="com.rKumar.MavenAutomationPractice.SeleniumTest">
        <test-method signature="practicePage()[pri:0, instance:com.rKumar.MavenAutomationPractice.SeleniumTest@f736069]" started-at="2021-07-28T17:19:44 IST" name="practicePage" finished-at="2021-07-28T17:20:10 IST" duration-ms="25209" status="PASS">
          <reporter-output>
          </reporter-output>
        </test-method> <!-- practicePage -->
      </class> <!-- com.rKumar.MavenAutomationPractice.SeleniumTest -->
    </test> <!-- Default test -->
  </suite> <!-- Default suite -->
</testng-results>
